2026-01-03T01:58:06 | touched: .env.example
2025-06-11T02:26:42 | touched: contracts/Ethereumnode.sol
2025-04-17T15:58:18 | touched: hardhat.config.js
2026-01-07T20:05:10 | touched: scripts/deploy.js
2026-01-19T17:49:04 | touched: README.md
2026-01-09T00:20:51 | touched: package.json
2025-06-16T13:45:47 | touched: LICENSE
2026-01-10T23:09:01 | touched: contracts/Ethereumnode.sol
2025-01-25T11:14:04 | touched: contracts/Ethereumnode.sol
2025-09-07T13:40:26 | touched: README.md
2025-04-23T18:01:33 | touched: package.json
2025-02-06T19:40:21 | touched: contracts/Ethereumnode.sol
2025-01-19T15:24:56 | touched: .env.example
2025-01-04T08:06:32 | touched: contracts/Ethereumnode.sol
2025-03-29T10:30:06 | touched: test/Ethereumnode.test.js
2025-09-03T15:05:36 | touched: README.md
2025-12-26T20:25:12 | touched: package.json
2025-03-03T13:36:24 | touched: README.md
2025-03-01T00:59:51 | touched: package.json
2025-04-22T02:40:04 | touched: test/Ethereumnode.test.js
2025-11-28T02:11:42 | touched: package.json
2025-03-30T13:52:00 | touched: test/Ethereumnode.test.js
2025-12-19T05:12:28 | touched: .env.example
2025-09-12T00:38:34 | touched: package.json
2025-04-25T20:22:06 | touched: package.json
2025-08-27T14:34:39 | touched: LICENSE
2025-03-14T01:56:04 | touched: .env.example
2025-07-30T10:40:00 | touched: LICENSE
2025-07-03T19:58:06 | touched: .env.example
